{"uuid":"98a0c976-2e51-4c6d-86f6-bfa5c1097f18","historyId":"a623dc5c540d1a3c22aa6edf138eed66","testCaseId":"[engine:junit-jupiter]/[class:pages.FormSubmissionTest]/[method:testFormSubmission()]","testCaseName":"Зайти на страницу и ввести данные, подвердить","fullName":"pages.FormSubmissionTest.testFormSubmission","labels":[{"name":"junit.platform.uniqueid","value":"[engine:junit-jupiter]/[class:pages.FormSubmissionTest]/[method:testFormSubmission()]"},{"name":"host","value":"VNE-NN-22-292"},{"name":"thread","value":"22416@VNE-NN-22-292.main(1)"},{"name":"framework","value":"junit-platform"},{"name":"language","value":"java"},{"name":"package","value":"pages.FormSubmissionTest"},{"name":"testClass","value":"pages.FormSubmissionTest"},{"name":"testMethod","value":"testFormSubmission"},{"name":"suite","value":"pages.FormSubmissionTest"}],"links":[],"name":"Зайти на страницу и ввести данные, подвердить","status":"failed","statusDetails":{"known":false,"muted":false,"flaky":false,"message":"Invalid element state [#gender-radio-1]: element click intercepted: Element <input name=\"gender\" required=\"\" type=\"radio\" id=\"gender-radio-1\" class=\"custom-control-input\" value=\"Male\"> is not clickable at point (736, 407). Other element would receive the click: <label title=\"\" for=\"gender-radio-1\" class=\"custom-control-label\">...</label>\r\nScreenshot: file:/C:/projects/Selenide_test_roman/build/reports/tests/1747479576885.0.png\r\nPage source: file:/C:/projects/Selenide_test_roman/build/reports/tests/1747479576885.0.html\r\nTimeout: 20 s.\r\nCaused by: ElementClickInterceptedException: element click intercepted: Element <input name=\"gender\" required=\"\" type=\"radio\" id=\"gender-radio-1\" class=\"custom-control-input\" value=\"Male\"> is not clickable at point (736, 407). Other element would receive the click: <label title=\"\" for=\"gender-radio-1\" class=\"custom-control-label\">...</label>","trace":"Invalid element state [#gender-radio-1]: element click intercepted: Element <input name=\"gender\" required=\"\" type=\"radio\" id=\"gender-radio-1\" class=\"custom-control-input\" value=\"Male\"> is not clickable at point (736, 407). Other element would receive the click: <label title=\"\" for=\"gender-radio-1\" class=\"custom-control-label\">...</label>\r\nScreenshot: file:/C:/projects/Selenide_test_roman/build/reports/tests/1747479576885.0.png\r\nPage source: file:/C:/projects/Selenide_test_roman/build/reports/tests/1747479576885.0.html\r\nTimeout: 20 s.\r\nCaused by: ElementClickInterceptedException: element click intercepted: Element <input name=\"gender\" required=\"\" type=\"radio\" id=\"gender-radio-1\" class=\"custom-control-input\" value=\"Male\"> is not clickable at point (736, 407). Other element would receive the click: <label title=\"\" for=\"gender-radio-1\" class=\"custom-control-label\">...</label>\r\n\tat com.codeborne.selenide.impl.ExceptionWrapper.wrap(ExceptionWrapper.java:26)\r\n\tat com.codeborne.selenide.impl.SelenideElementProxy.dispatchAndRetry(SelenideElementProxy.java:154)\r\n\tat com.codeborne.selenide.impl.SelenideElementProxy.invoke(SelenideElementProxy.java:84)\r\n\tat com.sun.proxy.$Proxy12.click(Unknown Source)\r\n\tat pages.pagePageElements.selectGenderMale(pagePageElements.java:29)\r\n\tat pages.FormSubmissionTest.testFormSubmission(FormSubmissionTest.java:35)\r\n\tat java.base/java.lang.reflect.Method.invoke(Method.java:566)\r\n\tat java.base/java.util.ArrayList.forEach(ArrayList.java:1540)\r\n\tat java.base/java.util.ArrayList.forEach(ArrayList.java:1540)\r\nCaused by: org.openqa.selenium.ElementClickInterceptedException: element click intercepted: Element <input name=\"gender\" required=\"\" type=\"radio\" id=\"gender-radio-1\" class=\"custom-control-input\" value=\"Male\"> is not clickable at point (736, 407). Other element would receive the click: <label title=\"\" for=\"gender-radio-1\" class=\"custom-control-label\">...</label>\n  (Session info: chrome=136.0.7103.114)\nBuild info: version: '4.13.0', revision: 'ba948ece5b*'\nSystem info: os.name: 'Windows 10', os.arch: 'amd64', os.version: '10.0', java.version: '11.0.0.1'\nDriver info: org.openqa.selenium.chrome.ChromeDriver\nCommand: [b8ed3611dc4d77ab0f6f3c962c5e9347, clickElement {id=f.86C5BA78A8614EB5C5F7A8FD964AD62B.d.DDCE9C793AD6E536371C7D77F579AB18.e.10}]\nCapabilities {acceptInsecureCerts: true, browserName: chrome, browserVersion: 136.0.7103.114, chrome: {chromedriverVersion: 136.0.7103.94 (fa0be0b33deb..., userDataDir: C:\\Users\\R7EA6~1.KOS\\AppDat...}, fedcm:accounts: true, goog:chromeOptions: {debuggerAddress: localhost:58724}, networkConnectionEnabled: false, pageLoadStrategy: normal, platformName: windows, proxy: Proxy(), se:cdp: ws://localhost:58724/devtoo..., se:cdpVersion: 136.0.7103.114, setWindowRect: true, strictFileInteractability: false, timeouts: {implicit: 0, pageLoad: 300000, script: 30000}, unhandledPromptBehavior: accept, webauthn:extension:credBlob: true, webauthn:extension:largeBlob: true, webauthn:extension:minPinLength: true, webauthn:extension:prf: true, webauthn:virtualAuthenticators: true}\nElement: [[ChromeDriver: chrome on windows (b8ed3611dc4d77ab0f6f3c962c5e9347)] -> css selector: #gender-radio-1]\nSession ID: b8ed3611dc4d77ab0f6f3c962c5e9347\r\n\tat java.base/jdk.internal.reflect.NativeConstructorAccessorImpl.newInstance0(Native Method)\r\n\tat java.base/jdk.internal.reflect.NativeConstructorAccessorImpl.newInstance(NativeConstructorAccessorImpl.java:62)\r\n\tat java.base/jdk.internal.reflect.DelegatingConstructorAccessorImpl.newInstance(DelegatingConstructorAccessorImpl.java:45)\r\n\tat java.base/java.lang.reflect.Constructor.newInstance(Constructor.java:490)\r\n\tat org.openqa.selenium.remote.codec.w3c.W3CHttpResponseCodec.createException(W3CHttpResponseCodec.java:200)\r\n\tat org.openqa.selenium.remote.codec.w3c.W3CHttpResponseCodec.decode(W3CHttpResponseCodec.java:133)\r\n\tat org.openqa.selenium.remote.codec.w3c.W3CHttpResponseCodec.decode(W3CHttpResponseCodec.java:52)\r\n\tat org.openqa.selenium.remote.HttpCommandExecutor.execute(HttpCommandExecutor.java:191)\r\n\tat org.openqa.selenium.remote.service.DriverCommandExecutor.invokeExecute(DriverCommandExecutor.java:196)\r\n\tat org.openqa.selenium.remote.service.DriverCommandExecutor.execute(DriverCommandExecutor.java:171)\r\n\tat org.openqa.selenium.remote.RemoteWebDriver.execute(RemoteWebDriver.java:602)\r\n\tat org.openqa.selenium.remote.RemoteWebElement.execute(RemoteWebElement.java:224)\r\n\tat org.openqa.selenium.remote.RemoteWebElement.click(RemoteWebElement.java:77)\r\n\tat com.codeborne.selenide.commands.Click.defaultClick(Click.java:97)\r\n\tat com.codeborne.selenide.commands.Click.click(Click.java:54)\r\n\tat com.codeborne.selenide.commands.Click.execute(Click.java:31)\r\n\tat com.codeborne.selenide.commands.Click.execute(Click.java:21)\r\n\tat com.codeborne.selenide.commands.Commands.execute(Commands.java:165)\r\n\tat com.codeborne.selenide.impl.SelenideElementProxy.dispatchAndRetry(SelenideElementProxy.java:132)\r\n\t... 7 more\r\n"},"stage":"finished","description":"","steps":[],"attachments":[],"parameters":[],"start":1747479548412,"stop":1747479577141}