{"uuid":"e623bd0c-871a-4f5b-ad7e-59bf361afaef","historyId":"52e84435a0a9f4b51943c2c787163720","testCaseId":"[engine:junit-jupiter]/[class:YandexTest]/[method:getAllAttributes()]","testCaseName":"Получение всех атрибутов и проверка цвета значка яндекс на красный #F8604A","fullName":"YandexTest.getAllAttributes","labels":[{"name":"junit.platform.uniqueid","value":"[engine:junit-jupiter]/[class:YandexTest]/[method:getAllAttributes()]"},{"name":"host","value":"VNE-NN-22-292"},{"name":"thread","value":"15988@VNE-NN-22-292.main(1)"},{"name":"framework","value":"junit-platform"},{"name":"language","value":"java"},{"name":"package","value":"YandexTest"},{"name":"testClass","value":"YandexTest"},{"name":"testMethod","value":"getAllAttributes"},{"name":"suite","value":"YandexTest"}],"links":[],"name":"Получение всех атрибутов и проверка цвета значка яндекс на красный #F8604A","status":"failed","statusDetails":{"known":false,"muted":false,"flaky":false,"message":"NoSuchSessionException: Tried to run command without establishing a connection\r\nPage source: file:/C:/projects/Selenide_test_roman/build/reports/tests/1746390301661.1.html\r\nTimeout: 10 s.\r\nCaused by: NoSuchSessionException: Tried to run command without establishing a connection","trace":"NoSuchSessionException: Tried to run command without establishing a connection\r\nPage source: file:/C:/projects/Selenide_test_roman/build/reports/tests/1746390301661.1.html\r\nTimeout: 10 s.\r\nCaused by: NoSuchSessionException: Tried to run command without establishing a connection\r\n\tat com.codeborne.selenide.ex.UIAssertionError.wrapToUIAssertionError(UIAssertionError.java:131)\r\n\tat com.codeborne.selenide.ex.UIAssertionError.wrapThrowable(UIAssertionError.java:114)\r\n\tat com.codeborne.selenide.ex.UIAssertionError.wrap(UIAssertionError.java:108)\r\n\tat com.codeborne.selenide.impl.SelenideElementProxy.invoke(SelenideElementProxy.java:94)\r\n\tat com.sun.proxy.$Proxy15.attr(Unknown Source)\r\n\tat YandexTest.getAllAttributes(YandexTest.java:27)\r\n\tat java.base/java.lang.reflect.Method.invoke(Method.java:566)\r\n\tat java.base/java.util.ArrayList.forEach(ArrayList.java:1540)\r\n\tat java.base/java.util.ArrayList.forEach(ArrayList.java:1540)\r\nCaused by: org.openqa.selenium.NoSuchSessionException: Tried to run command without establishing a connection\nBuild info: version: '4.13.0', revision: 'ba948ece5b*'\nSystem info: os.name: 'Windows 10', os.arch: 'amd64', os.version: '10.0', java.version: '11.0.0.1'\nDriver info: org.openqa.selenium.firefox.FirefoxDriver\nCommand: [950d2af1-c1f8-4ad4-8fdb-d399ab884c04, findElement {using=xpath, value=/html/body/div[1]/div[1]/header/form/div[1]/a}]\nCapabilities {acceptInsecureCerts: true, browserName: firefox, browserVersion: 138.0, moz:accessibilityChecks: false, moz:buildID: 20250421163656, moz:geckodriverVersion: 0.36.0, moz:headless: false, moz:platformVersion: 10.0, moz:processID: 15608, moz:profile: C:\\Users\\R7EA6~1.KOS\\AppDat..., moz:shutdownTimeout: 60000, moz:webdriverClick: true, moz:windowless: false, pageLoadStrategy: normal, platformName: windows, proxy: Proxy(), setWindowRect: true, strictFileInteractability: false, timeouts: {implicit: 0, pageLoad: 300000, script: 30000}, unhandledPromptBehavior: accept, userAgent: Mozilla/5.0 (Windows NT 10....}\nSession ID: 950d2af1-c1f8-4ad4-8fdb-d399ab884c04\r\n\tat jdk.internal.reflect.GeneratedConstructorAccessor12.newInstance(Unknown Source)\r\n\tat java.base/jdk.internal.reflect.DelegatingConstructorAccessorImpl.newInstance(DelegatingConstructorAccessorImpl.java:45)\r\n\tat java.base/java.lang.reflect.Constructor.newInstance(Constructor.java:490)\r\n\tat org.openqa.selenium.remote.codec.w3c.W3CHttpResponseCodec.createException(W3CHttpResponseCodec.java:200)\r\n\tat org.openqa.selenium.remote.codec.w3c.W3CHttpResponseCodec.decode(W3CHttpResponseCodec.java:133)\r\n\tat org.openqa.selenium.remote.codec.w3c.W3CHttpResponseCodec.decode(W3CHttpResponseCodec.java:52)\r\n\tat org.openqa.selenium.remote.HttpCommandExecutor.execute(HttpCommandExecutor.java:191)\r\n\tat org.openqa.selenium.remote.service.DriverCommandExecutor.invokeExecute(DriverCommandExecutor.java:196)\r\n\tat org.openqa.selenium.remote.service.DriverCommandExecutor.execute(DriverCommandExecutor.java:171)\r\n\tat org.openqa.selenium.remote.RemoteWebDriver.execute(RemoteWebDriver.java:602)\r\n\tat org.openqa.selenium.remote.ElementLocation$ElementFinder$2.findElement(ElementLocation.java:165)\r\n\tat org.openqa.selenium.remote.ElementLocation.findElement(ElementLocation.java:59)\r\n\tat org.openqa.selenium.remote.RemoteWebDriver.findElement(RemoteWebDriver.java:359)\r\n\tat org.openqa.selenium.remote.RemoteWebDriver.findElement(RemoteWebDriver.java:353)\r\n\tat com.codeborne.selenide.impl.WebElementSelector.findElement(WebElementSelector.java:70)\r\n\tat com.codeborne.selenide.impl.WebElementSelector.findElement(WebElementSelector.java:44)\r\n\tat com.codeborne.selenide.impl.WebElementSelector.findElement(WebElementSelector.java:33)\r\n\tat com.codeborne.selenide.impl.ElementFinder.getWebElement(ElementFinder.java:122)\r\n\tat com.codeborne.selenide.commands.GetAttribute.execute(GetAttribute.java:20)\r\n\tat com.codeborne.selenide.commands.GetAttribute.execute(GetAttribute.java:13)\r\n\tat com.codeborne.selenide.commands.Commands.execute(Commands.java:165)\r\n\tat com.codeborne.selenide.impl.SelenideElementProxy.dispatchAndRetry(SelenideElementProxy.java:132)\r\n\tat com.codeborne.selenide.impl.SelenideElementProxy.invoke(SelenideElementProxy.java:84)\r\n\t... 5 more\r\n"},"stage":"finished","description":"","steps":[],"attachments":[],"parameters":[],"start":1746390291593,"stop":1746390301687}