{"uuid":"ed3b0c5b-d0e3-4b65-80b1-536bbf574a77","historyId":"3db0902715260abcc71a565a4924a3f6","testCaseId":"[engine:junit-jupiter]/[class:FormSubmissionTest]/[method:testFormSubmission()]","testCaseName":"Зайти на страницу и ввести данные, подвердить","fullName":"FormSubmissionTest.testFormSubmission","labels":[{"name":"junit.platform.uniqueid","value":"[engine:junit-jupiter]/[class:FormSubmissionTest]/[method:testFormSubmission()]"},{"name":"host","value":"VNE-NN-22-292"},{"name":"thread","value":"16544@VNE-NN-22-292.main(1)"},{"name":"framework","value":"junit-platform"},{"name":"language","value":"java"},{"name":"package","value":"FormSubmissionTest"},{"name":"testClass","value":"FormSubmissionTest"},{"name":"testMethod","value":"testFormSubmission"},{"name":"suite","value":"FormSubmissionTest"}],"links":[],"name":"Зайти на страницу и ввести данные, подвердить","status":"failed","statusDetails":{"known":false,"muted":false,"flaky":false,"message":"Invalid element state [#gender-radio-1]: element click intercepted: Element <input name=\"gender\" required=\"\" type=\"radio\" id=\"gender-radio-1\" class=\"custom-control-input\" value=\"Male\"> is not clickable at point (736, 407). Other element would receive the click: <label title=\"\" for=\"gender-radio-1\" class=\"custom-control-label\">...</label>\r\nScreenshot: file:/C:/projects/Selenide_test_roman/build/reports/tests/1748939840448.0.png\r\nPage source: file:/C:/projects/Selenide_test_roman/build/reports/tests/1748939840448.0.html\r\nTimeout: 20 s.\r\nCaused by: ElementClickInterceptedException: element click intercepted: Element <input name=\"gender\" required=\"\" type=\"radio\" id=\"gender-radio-1\" class=\"custom-control-input\" value=\"Male\"> is not clickable at point (736, 407). Other element would receive the click: <label title=\"\" for=\"gender-radio-1\" class=\"custom-control-label\">...</label>","trace":"Invalid element state [#gender-radio-1]: element click intercepted: Element <input name=\"gender\" required=\"\" type=\"radio\" id=\"gender-radio-1\" class=\"custom-control-input\" value=\"Male\"> is not clickable at point (736, 407). Other element would receive the click: <label title=\"\" for=\"gender-radio-1\" class=\"custom-control-label\">...</label>\r\nScreenshot: file:/C:/projects/Selenide_test_roman/build/reports/tests/1748939840448.0.png\r\nPage source: file:/C:/projects/Selenide_test_roman/build/reports/tests/1748939840448.0.html\r\nTimeout: 20 s.\r\nCaused by: ElementClickInterceptedException: element click intercepted: Element <input name=\"gender\" required=\"\" type=\"radio\" id=\"gender-radio-1\" class=\"custom-control-input\" value=\"Male\"> is not clickable at point (736, 407). Other element would receive the click: <label title=\"\" for=\"gender-radio-1\" class=\"custom-control-label\">...</label>\r\n\tat com.codeborne.selenide.impl.ExceptionWrapper.wrap(ExceptionWrapper.java:26)\r\n\tat com.codeborne.selenide.impl.SelenideElementProxy.dispatchAndRetry(SelenideElementProxy.java:154)\r\n\tat com.codeborne.selenide.impl.SelenideElementProxy.invoke(SelenideElementProxy.java:84)\r\n\tat com.sun.proxy.$Proxy12.click(Unknown Source)\r\n\tat pagePageElements.selectGenderMale(pagePageElements.java:29)\r\n\tat FormSubmissionTest.testFormSubmission(FormSubmissionTest.java:35)\r\n\tat java.base/java.lang.reflect.Method.invoke(Method.java:566)\r\n\tat java.base/java.util.ArrayList.forEach(ArrayList.java:1540)\r\n\tat java.base/java.util.ArrayList.forEach(ArrayList.java:1540)\r\nCaused by: org.openqa.selenium.ElementClickInterceptedException: element click intercepted: Element <input name=\"gender\" required=\"\" type=\"radio\" id=\"gender-radio-1\" class=\"custom-control-input\" value=\"Male\"> is not clickable at point (736, 407). Other element would receive the click: <label title=\"\" for=\"gender-radio-1\" class=\"custom-control-label\">...</label>\n  (Session info: chrome=137.0.7151.68)\nBuild info: version: '4.13.0', revision: 'ba948ece5b*'\nSystem info: os.name: 'Windows 10', os.arch: 'amd64', os.version: '10.0', java.version: '11.0.0.1'\nDriver info: org.openqa.selenium.chrome.ChromeDriver\nCommand: [b22e9fb64feb843507e6d6cd66a0a33b, clickElement {id=f.8FC407748472AF5CC61C57840D680E87.d.3F26D7672F27F8201E471386E3E4451B.e.11}]\nCapabilities {acceptInsecureCerts: true, browserName: chrome, browserVersion: 137.0.7151.68, chrome: {chromedriverVersion: 137.0.7151.68 (2989ffee9373..., userDataDir: C:\\Users\\R7EA6~1.KOS\\AppDat...}, fedcm:accounts: true, goog:chromeOptions: {debuggerAddress: localhost:56401}, networkConnectionEnabled: false, pageLoadStrategy: normal, platformName: windows, proxy: Proxy(), se:cdp: ws://localhost:56401/devtoo..., se:cdpVersion: 137.0.7151.68, setWindowRect: true, strictFileInteractability: false, timeouts: {implicit: 0, pageLoad: 300000, script: 30000}, unhandledPromptBehavior: accept, webauthn:extension:credBlob: true, webauthn:extension:largeBlob: true, webauthn:extension:minPinLength: true, webauthn:extension:prf: true, webauthn:virtualAuthenticators: true}\nElement: [[ChromeDriver: chrome on windows (b22e9fb64feb843507e6d6cd66a0a33b)] -> css selector: #gender-radio-1]\nSession ID: b22e9fb64feb843507e6d6cd66a0a33b\r\n\tat java.base/jdk.internal.reflect.NativeConstructorAccessorImpl.newInstance0(Native Method)\r\n\tat java.base/jdk.internal.reflect.NativeConstructorAccessorImpl.newInstance(NativeConstructorAccessorImpl.java:62)\r\n\tat java.base/jdk.internal.reflect.DelegatingConstructorAccessorImpl.newInstance(DelegatingConstructorAccessorImpl.java:45)\r\n\tat java.base/java.lang.reflect.Constructor.newInstance(Constructor.java:490)\r\n\tat org.openqa.selenium.remote.codec.w3c.W3CHttpResponseCodec.createException(W3CHttpResponseCodec.java:200)\r\n\tat org.openqa.selenium.remote.codec.w3c.W3CHttpResponseCodec.decode(W3CHttpResponseCodec.java:133)\r\n\tat org.openqa.selenium.remote.codec.w3c.W3CHttpResponseCodec.decode(W3CHttpResponseCodec.java:52)\r\n\tat org.openqa.selenium.remote.HttpCommandExecutor.execute(HttpCommandExecutor.java:191)\r\n\tat org.openqa.selenium.remote.service.DriverCommandExecutor.invokeExecute(DriverCommandExecutor.java:196)\r\n\tat org.openqa.selenium.remote.service.DriverCommandExecutor.execute(DriverCommandExecutor.java:171)\r\n\tat org.openqa.selenium.remote.RemoteWebDriver.execute(RemoteWebDriver.java:602)\r\n\tat org.openqa.selenium.remote.RemoteWebElement.execute(RemoteWebElement.java:224)\r\n\tat org.openqa.selenium.remote.RemoteWebElement.click(RemoteWebElement.java:77)\r\n\tat com.codeborne.selenide.commands.Click.defaultClick(Click.java:97)\r\n\tat com.codeborne.selenide.commands.Click.click(Click.java:54)\r\n\tat com.codeborne.selenide.commands.Click.execute(Click.java:31)\r\n\tat com.codeborne.selenide.commands.Click.execute(Click.java:21)\r\n\tat com.codeborne.selenide.commands.Commands.execute(Commands.java:165)\r\n\tat com.codeborne.selenide.impl.SelenideElementProxy.dispatchAndRetry(SelenideElementProxy.java:132)\r\n\t... 7 more\r\n"},"stage":"finished","description":"","steps":[],"attachments":[],"parameters":[],"start":1748939806267,"stop":1748939840734}