{"uuid":"fdf04cca-08f0-49a5-ac0b-8b508c0a5d6a","historyId":"afe6f5cf4261d42537cce6dbefac8461","testCaseId":"[engine:junit-jupiter]/[class:PracticeFormTest]/[method:checkTable()]","testCaseName":"checkTable()","fullName":"PracticeFormTest.checkTable","labels":[{"name":"junit.platform.uniqueid","value":"[engine:junit-jupiter]/[class:PracticeFormTest]/[method:checkTable()]"},{"name":"host","value":"VNE-NN-22-292"},{"name":"thread","value":"18304@VNE-NN-22-292.main(1)"},{"name":"framework","value":"junit-platform"},{"name":"language","value":"java"},{"name":"package","value":"PracticeFormTest"},{"name":"testClass","value":"PracticeFormTest"},{"name":"testMethod","value":"checkTable"},{"name":"suite","value":"PracticeFormTest"}],"links":[],"name":"checkTable()","status":"failed","statusDetails":{"known":false,"muted":false,"flaky":false,"message":"Invalid element state [#submit]: element click intercepted: Element <button id=\"submit\" type=\"submit\" class=\"btn btn-primary\">...</button> is not clickable at point (1354, 864). Other element would receive the click: <div role=\"dialog\" aria-modal=\"true\" aria-labelledby=\"example-modal-sizes-title-lg\" class=\"fade modal show\" tabindex=\"-1\" style=\"display: block;\">...</div>\r\nScreenshot: file:/C:/projects/Selenide_test_roman/build/reports/tests/1749421480103.0.png\r\nPage source: file:/C:/projects/Selenide_test_roman/build/reports/tests/1749421480103.0.html\r\nTimeout: 20 s.\r\nCaused by: ElementClickInterceptedException: element click intercepted: Element <button id=\"submit\" type=\"submit\" class=\"btn btn-primary\">...</button> is not clickable at point (1354, 864). Other element would receive the click: <div role=\"dialog\" aria-modal=\"true\" aria-labelledby=\"example-modal-sizes-title-lg\" class=\"fade modal show\" tabindex=\"-1\" style=\"display: block;\">...</div>","trace":"Invalid element state [#submit]: element click intercepted: Element <button id=\"submit\" type=\"submit\" class=\"btn btn-primary\">...</button> is not clickable at point (1354, 864). Other element would receive the click: <div role=\"dialog\" aria-modal=\"true\" aria-labelledby=\"example-modal-sizes-title-lg\" class=\"fade modal show\" tabindex=\"-1\" style=\"display: block;\">...</div>\r\nScreenshot: file:/C:/projects/Selenide_test_roman/build/reports/tests/1749421480103.0.png\r\nPage source: file:/C:/projects/Selenide_test_roman/build/reports/tests/1749421480103.0.html\r\nTimeout: 20 s.\r\nCaused by: ElementClickInterceptedException: element click intercepted: Element <button id=\"submit\" type=\"submit\" class=\"btn btn-primary\">...</button> is not clickable at point (1354, 864). Other element would receive the click: <div role=\"dialog\" aria-modal=\"true\" aria-labelledby=\"example-modal-sizes-title-lg\" class=\"fade modal show\" tabindex=\"-1\" style=\"display: block;\">...</div>\r\n\tat com.codeborne.selenide.impl.ExceptionWrapper.wrap(ExceptionWrapper.java:26)\r\n\tat com.codeborne.selenide.impl.SelenideElementProxy.dispatchAndRetry(SelenideElementProxy.java:154)\r\n\tat com.codeborne.selenide.impl.SelenideElementProxy.invoke(SelenideElementProxy.java:84)\r\n\tat com.sun.proxy.$Proxy16.click(Unknown Source)\r\n\tat PracticeFormPage.submit(PracticeFormPage.java:87)\r\n\tat PracticeFormTest.checkTable(PracticeFormTest.java:91)\r\n\tat java.base/java.lang.reflect.Method.invoke(Method.java:566)\r\n\tat java.base/java.util.ArrayList.forEach(ArrayList.java:1540)\r\n\tat java.base/java.util.ArrayList.forEach(ArrayList.java:1540)\r\nCaused by: org.openqa.selenium.ElementClickInterceptedException: element click intercepted: Element <button id=\"submit\" type=\"submit\" class=\"btn btn-primary\">...</button> is not clickable at point (1354, 864). Other element would receive the click: <div role=\"dialog\" aria-modal=\"true\" aria-labelledby=\"example-modal-sizes-title-lg\" class=\"fade modal show\" tabindex=\"-1\" style=\"display: block;\">...</div>\n  (Session info: chrome=137.0.7151.69)\nBuild info: version: '4.13.0', revision: 'ba948ece5b*'\nSystem info: os.name: 'Windows 10', os.arch: 'amd64', os.version: '10.0', java.version: '11.0.0.1'\nDriver info: org.openqa.selenium.chrome.ChromeDriver\nCommand: [68c866bc441e32a3ee70eb74b3d02059, clickElement {id=f.B19900990BE0E81BF5423C687D7F9B7A.d.D6735419EBEAFE2848F955DA6EE4580A.e.105}]\nCapabilities {acceptInsecureCerts: true, browserName: chrome, browserVersion: 137.0.7151.69, chrome: {chromedriverVersion: 137.0.7151.68 (2989ffee9373..., userDataDir: C:\\Users\\R7EA6~1.KOS\\AppDat...}, fedcm:accounts: true, goog:chromeOptions: {debuggerAddress: localhost:64936}, networkConnectionEnabled: false, pageLoadStrategy: normal, platformName: windows, proxy: Proxy(), se:cdp: ws://localhost:64936/devtoo..., se:cdpVersion: 137.0.7151.69, setWindowRect: true, strictFileInteractability: false, timeouts: {implicit: 0, pageLoad: 300000, script: 30000}, unhandledPromptBehavior: accept, webauthn:extension:credBlob: true, webauthn:extension:largeBlob: true, webauthn:extension:minPinLength: true, webauthn:extension:prf: true, webauthn:virtualAuthenticators: true}\nElement: [[ChromeDriver: chrome on windows (68c866bc441e32a3ee70eb74b3d02059)] -> css selector: #submit]\nSession ID: 68c866bc441e32a3ee70eb74b3d02059\r\n\tat java.base/jdk.internal.reflect.NativeConstructorAccessorImpl.newInstance0(Native Method)\r\n\tat java.base/jdk.internal.reflect.NativeConstructorAccessorImpl.newInstance(NativeConstructorAccessorImpl.java:62)\r\n\tat java.base/jdk.internal.reflect.DelegatingConstructorAccessorImpl.newInstance(DelegatingConstructorAccessorImpl.java:45)\r\n\tat java.base/java.lang.reflect.Constructor.newInstance(Constructor.java:490)\r\n\tat org.openqa.selenium.remote.codec.w3c.W3CHttpResponseCodec.createException(W3CHttpResponseCodec.java:200)\r\n\tat org.openqa.selenium.remote.codec.w3c.W3CHttpResponseCodec.decode(W3CHttpResponseCodec.java:133)\r\n\tat org.openqa.selenium.remote.codec.w3c.W3CHttpResponseCodec.decode(W3CHttpResponseCodec.java:52)\r\n\tat org.openqa.selenium.remote.HttpCommandExecutor.execute(HttpCommandExecutor.java:191)\r\n\tat org.openqa.selenium.remote.service.DriverCommandExecutor.invokeExecute(DriverCommandExecutor.java:196)\r\n\tat org.openqa.selenium.remote.service.DriverCommandExecutor.execute(DriverCommandExecutor.java:171)\r\n\tat org.openqa.selenium.remote.RemoteWebDriver.execute(RemoteWebDriver.java:602)\r\n\tat org.openqa.selenium.remote.RemoteWebElement.execute(RemoteWebElement.java:224)\r\n\tat org.openqa.selenium.remote.RemoteWebElement.click(RemoteWebElement.java:77)\r\n\tat com.codeborne.selenide.commands.Click.defaultClick(Click.java:97)\r\n\tat com.codeborne.selenide.commands.Click.click(Click.java:54)\r\n\tat com.codeborne.selenide.commands.Click.execute(Click.java:31)\r\n\tat com.codeborne.selenide.commands.Click.execute(Click.java:21)\r\n\tat com.codeborne.selenide.commands.Commands.execute(Commands.java:165)\r\n\tat com.codeborne.selenide.impl.SelenideElementProxy.dispatchAndRetry(SelenideElementProxy.java:132)\r\n\t... 7 more\r\n"},"stage":"finished","description":"","steps":[],"attachments":[],"parameters":[],"start":1749421459316,"stop":1749421480378}